2022-02-11 06:19:32,080 - twister - INFO - Zephyr version: v2.7.99-2893-gc9a3dae6519f
2022-02-11 06:19:32,080 - twister - INFO - JOBS: 2
2022-02-11 06:19:32,080 - twister - DEBUG - Reading test case configuration files under /home/arachidi/zephyrproject/zephyr/tests...
2022-02-11 06:19:32,081 - twister - DEBUG - Found possible test case in /home/arachidi/zephyrproject/zephyr/tests/unit/timeutil
2022-02-11 06:19:32,092 - twister - DEBUG - Found possible test case in /home/arachidi/zephyrproject/zephyr/tests/unit/crc
2022-02-11 06:19:32,097 - twister - DEBUG - Found possible test case in /home/arachidi/zephyrproject/zephyr/tests/unit/base64
2022-02-11 06:19:32,101 - twister - DEBUG - Found possible test case in /home/arachidi/zephyrproject/zephyr/tests/unit/list
2022-02-11 06:19:32,108 - twister - DEBUG - Found possible test case in /home/arachidi/zephyrproject/zephyr/tests/unit/cbprintf
2022-02-11 06:19:32,211 - twister - DEBUG - Found possible test case in /home/arachidi/zephyrproject/zephyr/tests/unit/math_extras
2022-02-11 06:19:32,214 - twister - DEBUG - Found possible test case in /home/arachidi/zephyrproject/zephyr/tests/unit/rbtree
2022-02-11 06:19:32,218 - twister - DEBUG - Found possible test case in /home/arachidi/zephyrproject/zephyr/tests/unit/util
2022-02-11 06:19:32,221 - twister - DEBUG - Found possible test case in /home/arachidi/zephyrproject/zephyr/tests/unit/intmath
2022-02-11 06:19:32,224 - twister - DEBUG - Found possible test case in /home/arachidi/zephyrproject/zephyr/tests/unit/net_timeout
2022-02-11 06:19:32,228 - twister - DEBUG - Found possible test case in /home/arachidi/zephyrproject/zephyr/tests/posix/eventfd_basic
2022-02-11 06:19:32,233 - twister - DEBUG - Found possible test case in /home/arachidi/zephyrproject/zephyr/tests/posix/common
2022-02-11 06:19:32,259 - twister - DEBUG - Found possible test case in /home/arachidi/zephyrproject/zephyr/tests/posix/fs
2022-02-11 06:19:32,269 - twister - DEBUG - Found possible test case in /home/arachidi/zephyrproject/zephyr/tests/posix/eventfd
2022-02-11 06:19:32,273 - twister - DEBUG - Found possible test case in /home/arachidi/zephyrproject/zephyr/tests/net/icmpv6
2022-02-11 06:19:32,278 - twister - DEBUG - Found possible test case in /home/arachidi/zephyrproject/zephyr/tests/net/ipv6
2022-02-11 06:19:32,284 - twister - DEBUG - Found possible test case in /home/arachidi/zephyrproject/zephyr/tests/net/context
2022-02-11 06:19:32,289 - twister - DEBUG - Found possible test case in /home/arachidi/zephyrproject/zephyr/tests/net/pm
2022-02-11 06:19:32,293 - twister - DEBUG - Found possible test case in /home/arachidi/zephyrproject/zephyr/tests/net/buf
2022-02-11 06:19:32,299 - twister - DEBUG - Found possible test case in /home/arachidi/zephyrproject/zephyr/tests/net/arp
2022-02-11 06:19:32,304 - twister - DEBUG - Found possible test case in /home/arachidi/zephyrproject/zephyr/tests/net/hostname
2022-02-11 06:19:32,309 - twister - DEBUG - Found possible test case in /home/arachidi/zephyrproject/zephyr/tests/net/checksum_offload
2022-02-11 06:19:32,314 - twister - DEBUG - Found possible test case in /home/arachidi/zephyrproject/zephyr/tests/net/tcp
2022-02-11 06:19:32,322 - twister - DEBUG - Found possible test case in /home/arachidi/zephyrproject/zephyr/tests/net/vlan
2022-02-11 06:19:32,327 - twister - DEBUG - Found possible test case in /home/arachidi/zephyrproject/zephyr/tests/net/virtual
2022-02-11 06:19:32,337 - twister - DEBUG - Found possible test case in /home/arachidi/zephyrproject/zephyr/tests/net/tx_timestamp
2022-02-11 06:19:32,341 - twister - DEBUG - Found possible test case in /home/arachidi/zephyrproject/zephyr/tests/net/ppp/driver
2022-02-11 06:19:32,346 - twister - DEBUG - Found possible test case in /home/arachidi/zephyrproject/zephyr/tests/net/udp
2022-02-11 06:19:32,351 - twister - DEBUG - Found possible test case in /home/arachidi/zephyrproject/zephyr/tests/net/traffic_class
2022-02-11 06:19:32,453 - twister - DEBUG - Found possible test case in /home/arachidi/zephyrproject/zephyr/tests/net/ieee802154/fragment
2022-02-11 06:19:32,458 - twister - DEBUG - Found possible test case in /home/arachidi/zephyrproject/zephyr/tests/net/ieee802154/custom_l2
2022-02-11 06:19:32,462 - twister - DEBUG - Found possible test case in /home/arachidi/zephyrproject/zephyr/tests/net/ieee802154/l2
2022-02-11 06:19:32,468 - twister - DEBUG - Found possible test case in /home/arachidi/zephyrproject/zephyr/tests/net/socket/poll
2022-02-11 06:19:32,472 - twister - DEBUG - Found possible test case in /home/arachidi/zephyrproject/zephyr/tests/net/socket/tcp
2022-02-11 06:19:32,480 - twister - DEBUG - Found possible test case in /home/arachidi/zephyrproject/zephyr/tests/net/socket/tls
2022-02-11 06:19:32,486 - twister - DEBUG - Found possible test case in /home/arachidi/zephyrproject/zephyr/tests/net/socket/select
2022-02-11 06:19:32,491 - twister - DEBUG - Found possible test case in /home/arachidi/zephyrproject/zephyr/tests/net/socket/udp
2022-02-11 06:19:32,499 - twister - DEBUG - Found possible test case in /home/arachidi/zephyrproject/zephyr/tests/net/socket/tls_ext
2022-02-11 06:19:32,503 - twister - DEBUG - Found possible test case in /home/arachidi/zephyrproject/zephyr/tests/net/socket/af_packet_ipproto_raw
2022-02-11 06:19:32,508 - twister - DEBUG - Found possible test case in /home/arachidi/zephyrproject/zephyr/tests/net/socket/misc
2022-02-11 06:19:32,513 - twister - DEBUG - Found possible test case in /home/arachidi/zephyrproject/zephyr/tests/net/socket/net_mgmt
2022-02-11 06:19:32,519 - twister - DEBUG - Found possible test case in /home/arachidi/zephyrproject/zephyr/tests/net/socket/socketpair
2022-02-11 06:19:32,529 - twister - DEBUG - Found possible test case in /home/arachidi/zephyrproject/zephyr/tests/net/socket/getaddrinfo
2022-02-11 06:19:32,534 - twister - DEBUG - Found possible test case in /home/arachidi/zephyrproject/zephyr/tests/net/socket/register
2022-02-11 06:19:32,539 - twister - DEBUG - Found possible test case in /home/arachidi/zephyrproject/zephyr/tests/net/socket/websocket
2022-02-11 06:19:32,544 - twister - DEBUG - Found possible test case in /home/arachidi/zephyrproject/zephyr/tests/net/socket/getnameinfo
2022-02-11 06:19:32,548 - twister - DEBUG - Found possible test case in /home/arachidi/zephyrproject/zephyr/tests/net/socket/af_packet
2022-02-11 06:19:32,553 - twister - DEBUG - Found possible test case in /home/arachidi/zephyrproject/zephyr/tests/net/lib/dns_addremove
2022-02-11 06:19:32,561 - twister - DEBUG - Found possible test case in /home/arachidi/zephyrproject/zephyr/tests/net/lib/mqtt_subscriber
2022-02-11 06:19:32,567 - twister - DEBUG - Found possible test case in /home/arachidi/zephyrproject/zephyr/tests/net/lib/mqtt_packet
2022-02-11 06:19:32,573 - twister - DEBUG - Found possible test case in /home/arachidi/zephyrproject/zephyr/tests/net/lib/mqtt_pubsub
2022-02-11 06:19:32,579 - twister - DEBUG - Found possible test case in /home/arachidi/zephyrproject/zephyr/tests/net/lib/mqtt_publisher
2022-02-11 06:19:32,584 - twister - DEBUG - Found possible test case in /home/arachidi/zephyrproject/zephyr/tests/net/lib/coap
2022-02-11 06:19:32,589 - twister - DEBUG - Found possible test case in /home/arachidi/zephyrproject/zephyr/tests/net/lib/dns_resolve
2022-02-11 06:19:32,596 - twister - DEBUG - Found possible test case in /home/arachidi/zephyrproject/zephyr/tests/net/lib/dns_sd
2022-02-11 06:19:32,603 - twister - DEBUG - Found possible test case in /home/arachidi/zephyrproject/zephyr/tests/net/lib/tls_credentials
2022-02-11 06:19:32,606 - twister - DEBUG - Found possible test case in /home/arachidi/zephyrproject/zephyr/tests/net/lib/http_header_fields
2022-02-11 06:19:32,611 - twister - DEBUG - Found possible test case in /home/arachidi/zephyrproject/zephyr/tests/net/lib/dns_packet
2022-02-11 06:19:32,616 - twister - DEBUG - Found possible test case in /home/arachidi/zephyrproject/zephyr/tests/net/mgmt
2022-02-11 06:19:32,621 - twister - DEBUG - Found possible test case in /home/arachidi/zephyrproject/zephyr/tests/net/utils
2022-02-11 06:19:32,625 - twister - DEBUG - Found possible test case in /home/arachidi/zephyrproject/zephyr/tests/net/bridge
2022-02-11 06:19:32,630 - twister - DEBUG - Found possible test case in /home/arachidi/zephyrproject/zephyr/tests/net/ip-addr
2022-02-11 06:19:32,634 - twister - DEBUG - Found possible test case in /home/arachidi/zephyrproject/zephyr/tests/net/ipv6_fragment
2022-02-11 06:19:32,642 - twister - DEBUG - Found possible test case in /home/arachidi/zephyrproject/zephyr/tests/net/promiscuous
2022-02-11 06:19:32,646 - twister - DEBUG - Found possible test case in /home/arachidi/zephyrproject/zephyr/tests/net/ptp/clock
2022-02-11 06:19:32,650 - twister - DEBUG - Found possible test case in /home/arachidi/zephyrproject/zephyr/tests/net/route
2022-02-11 06:19:32,655 - twister - DEBUG - Found possible test case in /home/arachidi/zephyrproject/zephyr/tests/net/neighbor
2022-02-11 06:19:32,660 - twister - DEBUG - Found possible test case in /home/arachidi/zephyrproject/zephyr/tests/net/mld
2022-02-11 06:19:32,665 - twister - DEBUG - Found possible test case in /home/arachidi/zephyrproject/zephyr/tests/net/iface
2022-02-11 06:19:32,669 - twister - DEBUG - Found possible test case in /home/arachidi/zephyrproject/zephyr/tests/net/igmp
2022-02-11 06:19:32,674 - twister - DEBUG - Found possible test case in /home/arachidi/zephyrproject/zephyr/tests/net/icmpv4
2022-02-11 06:19:32,678 - twister - DEBUG - Found possible test case in /home/arachidi/zephyrproject/zephyr/tests/net/shell
2022-02-11 06:19:32,682 - twister - DEBUG - Found possible test case in /home/arachidi/zephyrproject/zephyr/tests/net/6lo
2022-02-11 06:19:32,689 - twister - DEBUG - Found possible test case in /home/arachidi/zephyrproject/zephyr/tests/net/route_mcast
2022-02-11 06:19:32,693 - twister - DEBUG - Found possible test case in /home/arachidi/zephyrproject/zephyr/tests/net/trickle
2022-02-11 06:19:32,697 - twister - DEBUG - Found possible test case in /home/arachidi/zephyrproject/zephyr/tests/net/net_pkt
2022-02-11 06:19:32,706 - twister - DEBUG - Found possible test case in /home/arachidi/zephyrproject/zephyr/tests/net/ethernet_mgmt
2022-02-11 06:19:32,711 - twister - DEBUG - Found possible test case in /home/arachidi/zephyrproject/zephyr/tests/net/all
2022-02-11 06:19:32,715 - twister - DEBUG - Found possible test case in /home/arachidi/zephyrproject/zephyr/tests/net/npf
2022-02-11 06:19:32,719 - twister - DEBUG - Found possible test case in /home/arachidi/zephyrproject/zephyr/tests/net/dhcpv4
2022-02-11 06:19:32,725 - twister - DEBUG - Found possible test case in /home/arachidi/zephyrproject/zephyr/tests/boards/intel_s1000_crb/cache
2022-02-11 06:19:32,729 - twister - DEBUG - Found possible test case in /home/arachidi/zephyrproject/zephyr/tests/boards/intel_s1000_crb/main
2022-02-11 06:19:32,737 - twister - DEBUG - Found possible test case in /home/arachidi/zephyrproject/zephyr/tests/boards/mec15xxevb_assy6853/qspi
2022-02-11 06:19:32,741 - twister - DEBUG - Found possible test case in /home/arachidi/zephyrproject/zephyr/tests/boards/mec15xxevb_assy6853/i2c_api
2022-02-11 06:19:32,745 - twister - DEBUG - Found possible test case in /home/arachidi/zephyrproject/zephyr/tests/boards/espressif_esp32/cache_coex
2022-02-11 06:19:32,749 - twister - DEBUG - Found possible test case in /home/arachidi/zephyrproject/zephyr/tests/boards/altera_max10/msgdma
2022-02-11 06:19:32,753 - twister - DEBUG - Found possible test case in /home/arachidi/zephyrproject/zephyr/tests/boards/altera_max10/qspi
2022-02-11 06:19:32,756 - twister - DEBUG - Found possible test case in /home/arachidi/zephyrproject/zephyr/tests/boards/altera_max10/sysid
2022-02-11 06:19:32,760 - twister - DEBUG - Found possible test case in /home/arachidi/zephyrproject/zephyr/tests/boards/altera_max10/i2c_master
2022-02-11 06:19:32,763 - twister - DEBUG - Found possible test case in /home/arachidi/zephyrproject/zephyr/tests/boards/native_posix/cpu_wait
2022-02-11 06:19:32,766 - twister - DEBUG - Found possible test case in /home/arachidi/zephyrproject/zephyr/tests/boards/native_posix/rtc
2022-02-11 06:19:32,770 - twister - DEBUG - Found possible test case in /home/arachidi/zephyrproject/zephyr/tests/boards/native_posix/native_tasks
2022-02-11 06:19:32,773 - twister - DEBUG - Found possible test case in /home/arachidi/zephyrproject/zephyr/tests/cmake/config_dir
2022-02-11 06:19:32,777 - twister - DEBUG - Found possible test case in /home/arachidi/zephyrproject/zephyr/tests/lib/cmsis_dsp/distance
2022-02-11 06:19:32,784 - twister - DEBUG - Found possible test case in /home/arachidi/zephyrproject/zephyr/tests/lib/cmsis_dsp/quaternionmath
2022-02-11 06:19:32,790 - twister - DEBUG - Found possible test case in /home/arachidi/zephyrproject/zephyr/tests/lib/cmsis_dsp/interpolation
2022-02-11 06:19:32,798 - twister - DEBUG - Found possible test case in /home/arachidi/zephyrproject/zephyr/tests/lib/cmsis_dsp/fastmath
2022-02-11 06:19:32,807 - twister - DEBUG - Found possible test case in /home/arachidi/zephyrproject/zephyr/tests/lib/cmsis_dsp/matrix
2022-02-11 06:19:32,977 - twister - DEBUG - Found possible test case in /home/arachidi/zephyrproject/zephyr/tests/lib/cmsis_dsp/bayes
2022-02-11 06:19:32,989 - twister - DEBUG - Found possible test case in /home/arachidi/zephyrproject/zephyr/tests/lib/cmsis_dsp/transform
2022-02-11 06:19:33,102 - twister - DEBUG - Found possible test case in /home/arachidi/zephyrproject/zephyr/tests/lib/cmsis_dsp/statistics
2022-02-11 06:19:33,117 - twister - DEBUG - Found possible test case in /home/arachidi/zephyrproject/zephyr/tests/lib/cmsis_dsp/complexmath
2022-02-11 06:19:33,128 - twister - DEBUG - Found possible test case in /home/arachidi/zephyrproject/zephyr/tests/lib/cmsis_dsp/filtering
2022-02-11 06:19:33,203 - twister - DEBUG - Found possible test case in /home/arachidi/zephyrproject/zephyr/tests/lib/cmsis_dsp/svm
2022-02-11 06:19:33,210 - twister - DEBUG - Found possible test case in /home/arachidi/zephyrproject/zephyr/tests/lib/cmsis_dsp/support
2022-02-11 06:19:33,221 - twister - DEBUG - Found possible test case in /home/arachidi/zephyrproject/zephyr/tests/lib/cmsis_dsp/basicmath
2022-02-11 06:19:33,236 - twister - DEBUG - Found possible test case in /home/arachidi/zephyrproject/zephyr/tests/lib/time
2022-02-11 06:19:33,240 - twister - DEBUG - Found possible test case in /home/arachidi/zephyrproject/zephyr/tests/lib/gui/lvgl
2022-02-11 06:19:33,250 - twister - DEBUG - Found possible test case in /home/arachidi/zephyrproject/zephyr/tests/lib/heap
2022-02-11 06:19:33,254 - twister - DEBUG - Found possible test case in /home/arachidi/zephyrproject/zephyr/tests/lib/notify
2022-02-11 06:19:33,258 - twister - DEBUG - Found possible test case in /home/arachidi/zephyrproject/zephyr/tests/lib/ringbuffer
2022-02-11 06:19:33,266 - twister - DEBUG - Found possible test case in /home/arachidi/zephyrproject/zephyr/tests/lib/fdtable
2022-02-11 06:19:33,270 - twister - DEBUG - Found possible test case in /home/arachidi/zephyrproject/zephyr/tests/lib/smf
2022-02-11 06:19:33,278 - twister - DEBUG - Found possible test case in /home/arachidi/zephyrproject/zephyr/tests/lib/newlib/thread_safety
2022-02-11 06:19:33,293 - twister - DEBUG - Found possible test case in /home/arachidi/zephyrproject/zephyr/tests/lib/newlib/heap_listener
2022-02-11 06:19:33,297 - twister - DEBUG - Found possible test case in /home/arachidi/zephyrproject/zephyr/tests/lib/mem_alloc
2022-02-11 06:19:33,303 - twister - DEBUG - Found possible test case in /home/arachidi/zephyrproject/zephyr/tests/lib/devicetree/api_ext
2022-02-11 06:19:33,307 - twister - DEBUG - Found possible test case in /home/arachidi/zephyrproject/zephyr/tests/lib/devicetree/api
2022-02-11 06:19:33,315 - twister - DEBUG - Found possible test case in /home/arachidi/zephyrproject/zephyr/tests/lib/devicetree/devices
2022-02-11 06:19:33,319 - twister - DEBUG - Found possible test case in /home/arachidi/zephyrproject/zephyr/tests/lib/sprintf
2022-02-11 06:19:33,325 - twister - DEBUG - Found possible test case in /home/arachidi/zephyrproject/zephyr/tests/lib/c_lib
2022-02-11 06:19:33,330 - twister - DEBUG - Found possible test case in /home/arachidi/zephyrproject/zephyr/tests/lib/p4workq
2022-02-11 06:19:33,334 - twister - DEBUG - Found possible test case in /home/arachidi/zephyrproject/zephyr/tests/lib/cbprintf_fp
2022-02-11 06:19:33,342 - twister - DEBUG - Found possible test case in /home/arachidi/zephyrproject/zephyr/tests/lib/mpsc_pbuf
2022-02-11 06:19:33,347 - twister - DEBUG - Found possible test case in /home/arachidi/zephyrproject/zephyr/tests/lib/json
2022-02-11 06:19:33,351 - twister - DEBUG - Found possible test case in /home/arachidi/zephyrproject/zephyr/tests/lib/cbprintf_package
2022-02-11 06:19:33,359 - twister - DEBUG - Found possible test case in /home/arachidi/zephyrproject/zephyr/tests/lib/heap_align
2022-02-11 06:19:33,362 - twister - DEBUG - Found possible test case in /home/arachidi/zephyrproject/zephyr/tests/lib/onoff
2022-02-11 06:19:33,367 - twister - DEBUG - Found possible test case in /home/arachidi/zephyrproject/zephyr/tests/misc/test_build
2022-02-11 06:19:33,372 - twister - DEBUG - Found possible test case in /home/arachidi/zephyrproject/zephyr/tests/misc/iterable_sections
2022-02-11 06:19:33,376 - twister - DEBUG - Found possible test case in /home/arachidi/zephyrproject/zephyr/tests/arch/arm/arm_ramfunc
2022-02-11 06:19:33,380 - twister - DEBUG - Found possible test case in /home/arachidi/zephyrproject/zephyr/tests/arch/arm/arm_no_multithreading
2022-02-11 06:19:33,384 - twister - DEBUG - Found possible test case in /home/arachidi/zephyrproject/zephyr/tests/arch/arm/arm_tz_wrap_func
2022-02-11 06:19:33,388 - twister - DEBUG - Found possible test case in /home/arachidi/zephyrproject/zephyr/tests/arch/arm/arm_hardfault_validation
2022-02-11 06:19:33,391 - twister - DEBUG - Found possible test case in /home/arachidi/zephyrproject/zephyr/tests/arch/arm/arm_irq_vector_table
2022-02-11 06:19:33,396 - twister - DEBUG - Found possible test case in /home/arachidi/zephyrproject/zephyr/tests/arch/arm/arm_thread_swap_tz
2022-02-11 06:19:33,400 - twister - DEBUG - Found possible test case in /home/arachidi/zephyrproject/zephyr/tests/arch/arm/arm_sw_vector_relay
2022-02-11 06:19:33,404 - twister - DEBUG - Found possible test case in /home/arachidi/zephyrproject/zephyr/tests/arch/arm/arm_runtime_nmi
2022-02-11 06:19:33,408 - twister - DEBUG - Found possible test case in /home/arachidi/zephyrproject/zephyr/tests/arch/arm/arm_irq_advanced_features
2022-02-11 06:19:33,414 - twister - DEBUG - Found possible test case in /home/arachidi/zephyrproject/zephyr/tests/arch/arm/arm_thread_swap
2022-02-11 06:19:33,425 - twister - DEBUG - Found possible test case in /home/arachidi/zephyrproject/zephyr/tests/arch/arm/arm_mem_protect
2022-02-11 06:19:33,428 - twister - DEBUG - Found possible test case in /home/arachidi/zephyrproject/zephyr/tests/arch/arm/arm_interrupt
2022-02-11 06:19:33,435 - twister - DEBUG - Found possible test case in /home/arachidi/zephyrproject/zephyr/tests/arch/x86/pagetables
2022-02-11 06:19:33,440 - twister - DEBUG - Found possible test case in /home/arachidi/zephyrproject/zephyr/tests/arch/x86/info
2022-02-11 06:19:33,448 - twister - DEBUG - Found possible test case in /home/arachidi/zephyrproject/zephyr/tests/arch/x86/nmi
2022-02-11 06:19:33,452 - twister - DEBUG - Found possible test case in /home/arachidi/zephyrproject/zephyr/tests/arch/x86/cpu_scrubs_regs
2022-02-11 06:19:33,456 - twister - DEBUG - Found possible test case in /home/arachidi/zephyrproject/zephyr/tests/arch/x86/static_idt
2022-02-11 06:19:33,461 - twister - DEBUG - Found possible test case in /home/arachidi/zephyrproject/zephyr/tests/arch/arm64/arm64_high_addresses
2022-02-11 06:19:33,466 - twister - DEBUG - Found possible test case in /home/arachidi/zephyrproject/zephyr/tests/arch/arm64/arm64_psci
2022-02-11 06:19:33,469 - twister - DEBUG - Found possible test case in /home/arachidi/zephyrproject/zephyr/tests/arch/arm64/arm64_gicv3_its
2022-02-11 06:19:33,474 - twister - DEBUG - Found possible test case in /home/arachidi/zephyrproject/zephyr/tests/bluetooth/init
2022-02-11 06:19:33,499 - twister - DEBUG - Found possible test case in /home/arachidi/zephyrproject/zephyr/tests/bluetooth/tester
2022-02-11 06:19:33,512 - twister - DEBUG - Found possible test case in /home/arachidi/zephyrproject/zephyr/tests/bluetooth/uuid
2022-02-11 06:19:33,515 - twister - DEBUG - Found possible test case in /home/arachidi/zephyrproject/zephyr/tests/bluetooth/ctrl_user_ext
2022-02-11 06:19:33,519 - twister - DEBUG - Found possible test case in /home/arachidi/zephyrproject/zephyr/tests/bluetooth/gatt
2022-02-11 06:19:33,523 - twister - DEBUG - Found possible test case in /home/arachidi/zephyrproject/zephyr/tests/bluetooth/hci_codecs_info
2022-02-11 06:19:33,527 - twister - DEBUG - Found possible test case in /home/arachidi/zephyrproject/zephyr/tests/bluetooth/df
2022-02-11 06:19:33,529 - twister - DEBUG - Found possible test case in /home/arachidi/zephyrproject/zephyr/tests/bluetooth/df/connectionless_cte_rx
2022-02-11 06:19:33,534 - twister - DEBUG - Found possible test case in /home/arachidi/zephyrproject/zephyr/tests/bluetooth/df/connection_cte_req
2022-02-11 06:19:33,540 - twister - DEBUG - Found possible test case in /home/arachidi/zephyrproject/zephyr/tests/bluetooth/df/connection_cte_tx_params
2022-02-11 06:19:33,545 - twister - DEBUG - Found possible test case in /home/arachidi/zephyrproject/zephyr/tests/bluetooth/df/connectionless_cte_chains
2022-02-11 06:19:33,551 - twister - DEBUG - Found possible test case in /home/arachidi/zephyrproject/zephyr/tests/bluetooth/df/connectionless_cte_tx
2022-02-11 06:19:33,557 - twister - DEBUG - Found possible test case in /home/arachidi/zephyrproject/zephyr/tests/bluetooth/ctrl_sw_privacy_unit
2022-02-11 06:19:33,560 - twister - DEBUG - Found possible test case in /home/arachidi/zephyrproject/zephyr/tests/bluetooth/l2cap
2022-02-11 06:19:33,565 - twister - DEBUG - Found possible test case in /home/arachidi/zephyrproject/zephyr/tests/bluetooth/controller/ctrl_version
2022-02-11 06:19:33,569 - twister - DEBUG - Found possible test case in /home/arachidi/zephyrproject/zephyr/tests/bluetooth/controller/ctrl_cte_req
2022-02-11 06:19:33,573 - twister - DEBUG - Found possible test case in /home/arachidi/zephyrproject/zephyr/tests/bluetooth/controller/ctrl_terminate
2022-02-11 06:19:33,578 - twister - DEBUG - Found possible test case in /home/arachidi/zephyrproject/zephyr/tests/bluetooth/controller/ctrl_tx_queue
2022-02-11 06:19:33,582 - twister - DEBUG - Found possible test case in /home/arachidi/zephyrproject/zephyr/tests/bluetooth/controller/ctrl_phy_update
2022-02-11 06:19:33,588 - twister - DEBUG - Found possible test case in /home/arachidi/zephyrproject/zephyr/tests/bluetooth/controller/ctrl_conn_update
2022-02-11 06:19:33,602 - twister - DEBUG - Found possible test case in /home/arachidi/zephyrproject/zephyr/tests/bluetooth/controller/ctrl_hci
2022-02-11 06:19:33,606 - twister - DEBUG - Found possible test case in /home/arachidi/zephyrproject/zephyr/tests/bluetooth/controller/ctrl_le_ping
2022-02-11 06:19:33,610 - twister - DEBUG - Found possible test case in /home/arachidi/zephyrproject/zephyr/tests/bluetooth/controller/ctrl_feature_exchange
2022-02-11 06:19:33,615 - twister - DEBUG - Found possible test case in /home/arachidi/zephyrproject/zephyr/tests/bluetooth/controller/ctrl_data_length_update
2022-02-11 06:19:33,623 - twister - DEBUG - Found possible test case in /home/arachidi/zephyrproject/zephyr/tests/bluetooth/controller/ctrl_min_used_chans
2022-02-11 06:19:33,626 - twister - DEBUG - Found possible test case in /home/arachidi/zephyrproject/zephyr/tests/bluetooth/controller/ctrl_encrypt
2022-02-11 06:19:33,632 - twister - DEBUG - Found possible test case in /home/arachidi/zephyrproject/zephyr/tests/bluetooth/controller/ctrl_tx_buffer_alloc
2022-02-11 06:19:33,639 - twister - DEBUG - Found possible test case in /home/arachidi/zephyrproject/zephyr/tests/bluetooth/controller/ctrl_chmu
2022-02-11 06:19:33,643 - twister - DEBUG - Found possible test case in /home/arachidi/zephyrproject/zephyr/tests/bluetooth/controller/ctrl_api
2022-02-11 06:19:33,647 - twister - DEBUG - Found possible test case in /home/arachidi/zephyrproject/zephyr/tests/bluetooth/hci_prop_evt
2022-02-11 06:19:33,650 - twister - DEBUG - Found possible test case in /home/arachidi/zephyrproject/zephyr/tests/bluetooth/at
2022-02-11 06:19:33,664 - twister - DEBUG - Found possible test case in /home/arachidi/zephyrproject/zephyr/tests/bluetooth/bluetooth
2022-02-11 06:19:33,668 - twister - DEBUG - Found possible test case in /home/arachidi/zephyrproject/zephyr/tests/bluetooth/ctrl_sw_privacy
2022-02-11 06:19:33,670 - twister - DEBUG - Found possible test case in /home/arachidi/zephyrproject/zephyr/tests/bluetooth/mesh
2022-02-11 06:19:33,680 - twister - DEBUG - Found possible test case in /home/arachidi/zephyrproject/zephyr/tests/bluetooth/adv
2022-02-11 06:19:33,684 - twister - DEBUG - Found possible test case in /home/arachidi/zephyrproject/zephyr/tests/bluetooth/shell
2022-02-11 06:19:33,709 - twister - DEBUG - Found possible test case in /home/arachidi/zephyrproject/zephyr/tests/bluetooth/mesh_shell
2022-02-11 06:19:33,713 - twister - DEBUG - Found possible test case in /home/arachidi/zephyrproject/zephyr/tests/bluetooth/ll_settings
2022-02-11 06:19:33,718 - twister - DEBUG - Found possible test case in /home/arachidi/zephyrproject/zephyr/tests/subsys/settings/fcb/raw
2022-02-11 06:19:33,721 - twister - DEBUG - Found possible test case in /home/arachidi/zephyrproject/zephyr/tests/subsys/settings/fcb_init
2022-02-11 06:19:33,725 - twister - DEBUG - Found possible test case in /home/arachidi/zephyrproject/zephyr/tests/subsys/settings/functional/fcb
2022-02-11 06:19:33,728 - twister - DEBUG - Found possible test case in /home/arachidi/zephyrproject/zephyr/tests/subsys/settings/functional/file
2022-02-11 06:19:33,731 - twister - DEBUG - Found possible test case in /home/arachidi/zephyrproject/zephyr/tests/subsys/settings/functional/nvs
2022-02-11 06:19:33,736 - twister - DEBUG - Found possible test case in /home/arachidi/zephyrproject/zephyr/tests/subsys/settings/littlefs/base64
2022-02-11 06:19:33,740 - twister - DEBUG - Found possible test case in /home/arachidi/zephyrproject/zephyr/tests/subsys/settings/littlefs/raw
2022-02-11 06:19:33,743 - twister - DEBUG - Found possible test case in /home/arachidi/zephyrproject/zephyr/tests/subsys/settings/nvs/raw
2022-02-11 06:19:33,746 - twister - DEBUG - Found possible test case in /home/arachidi/zephyrproject/zephyr/tests/subsys/debug/coredump_backends
2022-02-11 06:19:33,750 - twister - DEBUG - Found possible test case in /home/arachidi/zephyrproject/zephyr/tests/subsys/debug/coredump
2022-02-11 06:19:33,754 - twister - DEBUG - Found possible test case in /home/arachidi/zephyrproject/zephyr/tests/subsys/canbus/isotp/implementation
2022-02-11 06:19:33,758 - twister - DEBUG - Found possible test case in /home/arachidi/zephyrproject/zephyr/tests/subsys/canbus/isotp/conformance
2022-02-11 06:19:33,762 - twister - DEBUG - Found possible test case in /home/arachidi/zephyrproject/zephyr/tests/subsys/canbus/frame
2022-02-11 06:19:33,766 - twister - DEBUG - Found possible test case in /home/arachidi/zephyrproject/zephyr/tests/subsys/pm/power_states_api
2022-02-11 06:19:33,770 - twister - DEBUG - Found possible test case in /home/arachidi/zephyrproject/zephyr/tests/subsys/pm/device_runtime_api
2022-02-11 06:19:33,774 - twister - DEBUG - Found possible test case in /home/arachidi/zephyrproject/zephyr/tests/subsys/pm/device_wakeup_api
2022-02-11 06:19:33,777 - twister - DEBUG - Found possible test case in /home/arachidi/zephyrproject/zephyr/tests/subsys/pm/power_mgmt_soc
2022-02-11 06:19:33,781 - twister - DEBUG - Found possible test case in /home/arachidi/zephyrproject/zephyr/tests/subsys/pm/power_mgmt_multicore
2022-02-11 06:19:33,784 - twister - DEBUG - Found possible test case in /home/arachidi/zephyrproject/zephyr/tests/subsys/pm/power_mgmt
2022-02-11 06:19:33,789 - twister - DEBUG - Found possible test case in /home/arachidi/zephyrproject/zephyr/tests/subsys/jwt
2022-02-11 06:19:33,794 - twister - DEBUG - Found possible test case in /home/arachidi/zephyrproject/zephyr/tests/subsys/usb/os_desc
2022-02-11 06:19:33,797 - twister - DEBUG - Found possible test case in /home/arachidi/zephyrproject/zephyr/tests/subsys/usb/device
2022-02-11 06:19:33,802 - twister - DEBUG - Found possible test case in /home/arachidi/zephyrproject/zephyr/tests/subsys/usb/bos
2022-02-11 06:19:33,806 - twister - DEBUG - Found possible test case in /home/arachidi/zephyrproject/zephyr/tests/subsys/usb/desc_sections
2022-02-11 06:19:33,810 - twister - DEBUG - Found possible test case in /home/arachidi/zephyrproject/zephyr/tests/subsys/portability/cmsis_rtos_v1
2022-02-11 06:19:33,819 - twister - DEBUG - Found possible test case in /home/arachidi/zephyrproject/zephyr/tests/subsys/portability/cmsis_rtos_v2
2022-02-11 06:19:33,829 - twister - DEBUG - Found possible test case in /home/arachidi/zephyrproject/zephyr/tests/subsys/storage/flash_map
2022-02-11 06:19:33,835 - twister - DEBUG - Found possible test case in /home/arachidi/zephyrproject/zephyr/tests/subsys/storage/stream/stream_flash
2022-02-11 06:19:33,844 - twister - DEBUG - Found possible test case in /home/arachidi/zephyrproject/zephyr/tests/subsys/tracing/tracing_api
2022-02-11 06:19:33,849 - twister - DEBUG - Found possible test case in /home/arachidi/zephyrproject/zephyr/tests/subsys/mgmt/ec_host_cmd
2022-02-11 06:19:33,853 - twister - DEBUG - Found possible test case in /home/arachidi/zephyrproject/zephyr/tests/subsys/modbus
2022-02-11 06:19:33,860 - twister - DEBUG - Found possible test case in /home/arachidi/zephyrproject/zephyr/tests/subsys/fs/fcb
2022-02-11 06:19:33,873 - twister - DEBUG - Found possible test case in /home/arachidi/zephyrproject/zephyr/tests/subsys/fs/fat_fs_api
2022-02-11 06:19:33,882 - twister - DEBUG - Found possible test case in /home/arachidi/zephyrproject/zephyr/tests/subsys/fs/multi-fs
2022-02-11 06:19:33,892 - twister - DEBUG - Found possible test case in /home/arachidi/zephyrproject/zephyr/tests/subsys/fs/littlefs
2022-02-11 06:19:33,904 - twister - DEBUG - Found possible test case in /home/arachidi/zephyrproject/zephyr/tests/subsys/fs/nvs
2022-02-11 06:19:33,910 - twister - DEBUG - Found possible test case in /home/arachidi/zephyrproject/zephyr/tests/subsys/fs/fat_fs_dual_drive
2022-02-11 06:19:33,917 - twister - DEBUG - Found possible test case in /home/arachidi/zephyrproject/zephyr/tests/subsys/fs/fs_api
2022-02-11 06:19:33,924 - twister - DEBUG - Found possible test case in /home/arachidi/zephyrproject/zephyr/tests/subsys/logging/log_core
2022-02-11 06:19:33,928 - twister - DEBUG - Found possible test case in /home/arachidi/zephyrproject/zephyr/tests/subsys/logging/log_output
2022-02-11 06:19:33,932 - twister - DEBUG - Found possible test case in /home/arachidi/zephyrproject/zephyr/tests/subsys/logging/log_msg
2022-02-11 06:19:33,936 - twister - DEBUG - Found possible test case in /home/arachidi/zephyrproject/zephyr/tests/subsys/logging/log_core_additional
2022-02-11 06:19:33,945 - twister - DEBUG - Found possible test case in /home/arachidi/zephyrproject/zephyr/tests/subsys/logging/log_msg2
2022-02-11 06:19:33,954 - twister - DEBUG - Found possible test case in /home/arachidi/zephyrproject/zephyr/tests/subsys/logging/log_immediate
2022-02-11 06:19:33,958 - twister - DEBUG - Found possible test case in /home/arachidi/zephyrproject/zephyr/tests/subsys/logging/log_backend_fs
2022-02-11 06:19:33,964 - twister - DEBUG - Found possible test case in /home/arachidi/zephyrproject/zephyr/tests/subsys/logging/log_api
2022-02-11 06:19:33,986 - twister - DEBUG - Found possible test case in /home/arachidi/zephyrproject/zephyr/tests/subsys/logging/log_list
2022-02-11 06:19:33,990 - twister - DEBUG - Found possible test case in /home/arachidi/zephyrproject/zephyr/tests/subsys/logging/log_benchmark
2022-02-11 06:19:33,999 - twister - DEBUG - Found possible test case in /home/arachidi/zephyrproject/zephyr/tests/subsys/dfu/img_util
2022-02-11 06:19:34,003 - twister - DEBUG - Found possible test case in /home/arachidi/zephyrproject/zephyr/tests/subsys/dfu/mcuboot_multi
2022-02-11 06:19:34,007 - twister - DEBUG - Found possible test case in /home/arachidi/zephyrproject/zephyr/tests/subsys/dfu/mcuboot
2022-02-11 06:19:34,010 - twister - DEBUG - Found possible test case in /home/arachidi/zephyrproject/zephyr/tests/subsys/openthread
2022-02-11 06:19:34,016 - twister - DEBUG - Found possible test case in /home/arachidi/zephyrproject/zephyr/tests/subsys/shell/shell_history
2022-02-11 06:19:34,019 - twister - DEBUG - Found possible test case in /home/arachidi/zephyrproject/zephyr/tests/subsys/shell/shell_flash
2022-02-11 06:19:34,023 - twister - DEBUG - Found possible test case in /home/arachidi/zephyrproject/zephyr/tests/subsys/shell/shell
2022-02-11 06:19:34,041 - twister - DEBUG - Found possible test case in /home/arachidi/zephyrproject/zephyr/tests/subsys/edac/ibecc
2022-02-11 06:19:34,048 - twister - DEBUG - Found possible test case in /home/arachidi/zephyrproject/zephyr/tests/subsys/edac/ibecc_cov
2022-02-11 06:19:34,053 - twister - DEBUG - Found possible test case in /home/arachidi/zephyrproject/zephyr/tests/subsys/ipc/ipc_service
2022-02-11 06:19:34,059 - twister - DEBUG - Found possible test case in /home/arachidi/zephyrproject/zephyr/tests/subsys/cpp/libcxx
2022-02-11 06:19:34,064 - twister - DEBUG - Found possible test case in /home/arachidi/zephyrproject/zephyr/tests/subsys/cpp/cxx
2022-02-11 06:19:34,068 - twister - DEBUG - Found possible test case in /home/arachidi/zephyrproject/zephyr/tests/boot/uefi
2022-02-11 06:19:34,073 - twister - DEBUG - Found possible test case in /home/arachidi/zephyrproject/zephyr/tests/benchmarks/cmsis_dsp/basicmath
2022-02-11 06:19:34,082 - twister - DEBUG - Found possible test case in /home/arachidi/zephyrproject/zephyr/tests/benchmarks/footprints
2022-02-11 06:19:34,093 - twister - DEBUG - Found possible test case in /home/arachidi/zephyrproject/zephyr/tests/benchmarks/sys_kernel
2022-02-11 06:19:34,100 - twister - DEBUG - Found possible test case in /home/arachidi/zephyrproject/zephyr/tests/benchmarks/mbedtls
2022-02-11 06:19:34,105 - twister - DEBUG - Found possible test case in /home/arachidi/zephyrproject/zephyr/tests/benchmarks/data_structure_perf/dlist_perf
2022-02-11 06:19:34,109 - twister - DEBUG - Found possible test case in /home/arachidi/zephyrproject/zephyr/tests/benchmarks/data_structure_perf/rbtree_perf
2022-02-11 06:19:34,112 - twister - DEBUG - Found possible test case in /home/arachidi/zephyrproject/zephyr/tests/benchmarks/sched
2022-02-11 06:19:34,116 - twister - DEBUG - Found possible test case in /home/arachidi/zephyrproject/zephyr/tests/benchmarks/latency_measure
2022-02-11 06:19:34,125 - twister - DEBUG - Found possible test case in /home/arachidi/zephyrproject/zephyr/tests/benchmarks/app_kernel
2022-02-11 06:19:34,143 - twister - DEBUG - Found possible test case in /home/arachidi/zephyrproject/zephyr/tests/crypto/mbedtls
2022-02-11 06:19:34,149 - twister - DEBUG - Found possible test case in /home/arachidi/zephyrproject/zephyr/tests/crypto/tinycrypt
2022-02-11 06:19:34,166 - twister - DEBUG - Found possible test case in /home/arachidi/zephyrproject/zephyr/tests/crypto/tinycrypt_hmac_prng
2022-02-11 06:19:34,179 - twister - DEBUG - Found possible test case in /home/arachidi/zephyrproject/zephyr/tests/crypto/rand32
2022-02-11 06:19:34,188 - twister - DEBUG - Found possible test case in /home/arachidi/zephyrproject/zephyr/tests/kernel/condvar/condvar_api
2022-02-11 06:19:34,193 - twister - DEBUG - Found possible test case in /home/arachidi/zephyrproject/zephyr/tests/kernel/semaphore/semaphore
2022-02-11 06:19:34,199 - twister - DEBUG - Found possible test case in /home/arachidi/zephyrproject/zephyr/tests/kernel/semaphore/sys_sem
2022-02-11 06:19:34,203 - twister - DEBUG - Found possible test case in /home/arachidi/zephyrproject/zephyr/tests/kernel/poll
2022-02-11 06:19:34,209 - twister - DEBUG - Found possible test case in /home/arachidi/zephyrproject/zephyr/tests/kernel/mutex/sys_mutex
2022-02-11 06:19:34,216 - twister - DEBUG - Found possible test case in /home/arachidi/zephyrproject/zephyr/tests/kernel/mutex/mutex_error_case
2022-02-11 06:19:34,219 - twister - DEBUG - Found possible test case in /home/arachidi/zephyrproject/zephyr/tests/kernel/mutex/mutex_api
2022-02-11 06:19:34,223 - twister - DEBUG - Found possible test case in /home/arachidi/zephyrproject/zephyr/tests/kernel/smp_boot_delay
2022-02-11 06:19:34,227 - twister - DEBUG - Found possible test case in /home/arachidi/zephyrproject/zephyr/tests/kernel/mem_protect/mem_protect
2022-02-11 06:19:34,242 - twister - DEBUG - Found possible test case in /home/arachidi/zephyrproject/zephyr/tests/kernel/mem_protect/protection
2022-02-11 06:19:34,247 - twister - DEBUG - Found possible test case in /home/arachidi/zephyrproject/zephyr/tests/kernel/mem_protect/syscalls
2022-02-11 06:19:34,251 - twister - DEBUG - Found possible test case in /home/arachidi/zephyrproject/zephyr/tests/kernel/mem_protect/userspace
2022-02-11 06:19:34,259 - twister - DEBUG - Found possible test case in /home/arachidi/zephyrproject/zephyr/tests/kernel/mem_protect/obj_validation
2022-02-11 06:19:34,263 - twister - DEBUG - Found possible test case in /home/arachidi/zephyrproject/zephyr/tests/kernel/mem_protect/demand_paging
2022-02-11 06:19:34,268 - twister - DEBUG - Found possible test case in /home/arachidi/zephyrproject/zephyr/tests/kernel/mem_protect/mem_map
2022-02-11 06:19:34,275 - twister - DEBUG - Found possible test case in /home/arachidi/zephyrproject/zephyr/tests/kernel/mem_protect/sys_sem
2022-02-11 06:19:34,280 - twister - DEBUG - Found possible test case in /home/arachidi/zephyrproject/zephyr/tests/kernel/mem_protect/stackprot
2022-02-11 06:19:34,284 - twister - DEBUG - Found possible test case in /home/arachidi/zephyrproject/zephyr/tests/kernel/mem_protect/stack_random
2022-02-11 06:19:34,288 - twister - DEBUG - Found possible test case in /home/arachidi/zephyrproject/zephyr/tests/kernel/mem_protect/futex
2022-02-11 06:19:34,292 - twister - DEBUG - Found possible test case in /home/arachidi/zephyrproject/zephyr/tests/kernel/early_sleep
2022-02-11 06:19:34,296 - twister - DEBUG - Found possible test case in /home/arachidi/zephyrproject/zephyr/tests/kernel/lifo/lifo_usage
2022-02-11 06:19:34,302 - twister - DEBUG - Found possible test case in /home/arachidi/zephyrproject/zephyr/tests/kernel/lifo/lifo_api
2022-02-11 06:19:34,307 - twister - DEBUG - Found possible test case in /home/arachidi/zephyrproject/zephyr/tests/kernel/context
2022-02-11 06:19:34,314 - twister - DEBUG - Found possible test case in /home/arachidi/zephyrproject/zephyr/tests/kernel/queue
2022-02-11 06:19:34,321 - twister - DEBUG - Found possible test case in /home/arachidi/zephyrproject/zephyr/tests/kernel/obj_tracking
2022-02-11 06:19:34,325 - twister - DEBUG - Found possible test case in /home/arachidi/zephyrproject/zephyr/tests/kernel/fatal/exception
2022-02-11 06:19:34,333 - twister - DEBUG - Found possible test case in /home/arachidi/zephyrproject/zephyr/tests/kernel/fatal/no-multithreading
2022-02-11 06:19:34,339 - twister - DEBUG - Found possible test case in /home/arachidi/zephyrproject/zephyr/tests/kernel/fatal/message_capture
2022-02-11 06:19:34,343 - twister - DEBUG - Found possible test case in /home/arachidi/zephyrproject/zephyr/tests/kernel/threads/dynamic_thread
2022-02-11 06:19:34,346 - twister - DEBUG - Found possible test case in /home/arachidi/zephyrproject/zephyr/tests/kernel/threads/tls
2022-02-11 06:19:34,351 - twister - DEBUG - Found possible test case in /home/arachidi/zephyrproject/zephyr/tests/kernel/threads/thread_stack
2022-02-11 06:19:34,356 - twister - DEBUG - Found possible test case in /home/arachidi/zephyrproject/zephyr/tests/kernel/threads/no-multithreading
2022-02-11 06:19:34,360 - twister - DEBUG - Found possible test case in /home/arachidi/zephyrproject/zephyr/tests/kernel/threads/thread_error_case
2022-02-11 06:19:34,364 - twister - DEBUG - Found possible test case in /home/arachidi/zephyrproject/zephyr/tests/kernel/threads/thread_apis
2022-02-11 06:19:34,375 - twister - DEBUG - Found possible test case in /home/arachidi/zephyrproject/zephyr/tests/kernel/threads/thread_init
2022-02-11 06:19:34,379 - twister - DEBUG - Found possible test case in /home/arachidi/zephyrproject/zephyr/tests/kernel/sleep
2022-02-11 06:19:34,383 - twister - DEBUG - Found possible test case in /home/arachidi/zephyrproject/zephyr/tests/kernel/stack/stack
2022-02-11 06:19:34,389 - twister - DEBUG - Found possible test case in /home/arachidi/zephyrproject/zephyr/tests/kernel/common
2022-02-11 06:19:34,415 - twister - DEBUG - Found possible test case in /home/arachidi/zephyrproject/zephyr/tests/kernel/device
2022-02-11 06:19:34,424 - twister - DEBUG - Found possible test case in /home/arachidi/zephyrproject/zephyr/tests/kernel/profiling/profiling_api
2022-02-11 06:19:34,428 - twister - DEBUG - Found possible test case in /home/arachidi/zephyrproject/zephyr/tests/kernel/spinlock
2022-02-11 06:19:34,433 - twister - DEBUG - Found possible test case in /home/arachidi/zephyrproject/zephyr/tests/kernel/gen_isr_table
2022-02-11 06:19:34,441 - twister - DEBUG - Found possible test case in /home/arachidi/zephyrproject/zephyr/tests/kernel/workq/work
2022-02-11 06:19:34,449 - twister - DEBUG - Found possible test case in /home/arachidi/zephyrproject/zephyr/tests/kernel/workq/user_work
2022-02-11 06:19:34,453 - twister - DEBUG - Found possible test case in /home/arachidi/zephyrproject/zephyr/tests/kernel/workq/work_queue
2022-02-11 06:19:34,459 - twister - DEBUG - Found possible test case in /home/arachidi/zephyrproject/zephyr/tests/kernel/workq/critical
2022-02-11 06:19:34,465 - twister - DEBUG - Found possible test case in /home/arachidi/zephyrproject/zephyr/tests/kernel/mbox/mbox_api
2022-02-11 06:19:34,472 - twister - DEBUG - Found possible test case in /home/arachidi/zephyrproject/zephyr/tests/kernel/mbox/mbox_usage
2022-02-11 06:19:34,476 - twister - DEBUG - Found possible test case in /home/arachidi/zephyrproject/zephyr/tests/kernel/interrupt
2022-02-11 06:19:34,488 - twister - DEBUG - Found possible test case in /home/arachidi/zephyrproject/zephyr/tests/kernel/smp
2022-02-11 06:19:34,495 - twister - DEBUG - Found possible test case in /home/arachidi/zephyrproject/zephyr/tests/kernel/timer/starve
2022-02-11 06:19:34,499 - twister - DEBUG - Found possible test case in /home/arachidi/zephyrproject/zephyr/tests/kernel/timer/timer_monotonic
2022-02-11 06:19:34,503 - twister - DEBUG - Found possible test case in /home/arachidi/zephyrproject/zephyr/tests/kernel/timer/timer_api
2022-02-11 06:19:34,512 - twister - DEBUG - Found possible test case in /home/arachidi/zephyrproject/zephyr/tests/kernel/timer/cycle64
2022-02-11 06:19:34,516 - twister - DEBUG - Found possible test case in /home/arachidi/zephyrproject/zephyr/tests/kernel/timer/timer_error_case
2022-02-11 06:19:34,520 - twister - DEBUG - Found possible test case in /home/arachidi/zephyrproject/zephyr/tests/kernel/tickless/tickless_concept
2022-02-11 06:19:34,524 - twister - DEBUG - Found possible test case in /home/arachidi/zephyrproject/zephyr/tests/kernel/mem_slab/mslab_concept
2022-02-11 06:19:34,529 - twister - DEBUG - Found possible test case in /home/arachidi/zephyrproject/zephyr/tests/kernel/mem_slab/mslab
2022-02-11 06:19:34,534 - twister - DEBUG - Found possible test case in /home/arachidi/zephyrproject/zephyr/tests/kernel/mem_slab/mslab_threadsafe
2022-02-11 06:19:34,538 - twister - DEBUG - Found possible test case in /home/arachidi/zephyrproject/zephyr/tests/kernel/mem_slab/mslab_api
2022-02-11 06:19:34,544 - twister - DEBUG - Found possible test case in /home/arachidi/zephyrproject/zephyr/tests/kernel/mp
2022-02-11 06:19:34,549 - twister - DEBUG - Found possible test case in /home/arachidi/zephyrproject/zephyr/tests/kernel/fpu_sharing/float_disable
2022-02-11 06:19:34,557 - twister - DEBUG - Found possible test case in /home/arachidi/zephyrproject/zephyr/tests/kernel/fpu_sharing/generic
2022-02-11 06:19:34,572 - twister - DEBUG - Found possible test case in /home/arachidi/zephyrproject/zephyr/tests/kernel/pipe/pipe_api
2022-02-11 06:19:34,578 - twister - DEBUG - Found possible test case in /home/arachidi/zephyrproject/zephyr/tests/kernel/pipe/pipe
2022-02-11 06:19:34,583 - twister - DEBUG - Found possible test case in /home/arachidi/zephyrproject/zephyr/tests/kernel/pending
2022-02-11 06:19:34,588 - twister - DEBUG - Found possible test case in /home/arachidi/zephyrproject/zephyr/tests/kernel/mem_heap/k_heap_api
2022-02-11 06:19:34,593 - twister - DEBUG - Found possible test case in /home/arachidi/zephyrproject/zephyr/tests/kernel/mem_heap/shared_multi_heap
2022-02-11 06:19:34,596 - twister - DEBUG - Found possible test case in /home/arachidi/zephyrproject/zephyr/tests/kernel/mem_heap/mheap_api_concept
2022-02-11 06:19:34,604 - twister - DEBUG - Found possible test case in /home/arachidi/zephyrproject/zephyr/tests/kernel/events/sys_event
2022-02-11 06:19:34,607 - twister - DEBUG - Found possible test case in /home/arachidi/zephyrproject/zephyr/tests/kernel/events/event_api
2022-02-11 06:19:34,613 - twister - DEBUG - Found possible test case in /home/arachidi/zephyrproject/zephyr/tests/kernel/sched/metairq
2022-02-11 06:19:34,617 - twister - DEBUG - Found possible test case in /home/arachidi/zephyrproject/zephyr/tests/kernel/sched/deadline
2022-02-11 06:19:34,622 - twister - DEBUG - Found possible test case in /home/arachidi/zephyrproject/zephyr/tests/kernel/sched/preempt
2022-02-11 06:19:34,626 - twister - DEBUG - Found possible test case in /home/arachidi/zephyrproject/zephyr/tests/kernel/sched/schedule_api
2022-02-11 06:19:34,648 - twister - DEBUG - Found possible test case in /home/arachidi/zephyrproject/zephyr/tests/kernel/msgq/msgq_usage
2022-02-11 06:19:34,652 - twister - DEBUG - Found possible test case in /home/arachidi/zephyrproject/zephyr/tests/kernel/msgq/msgq_api
2022-02-11 06:19:34,659 - twister - DEBUG - Found possible test case in /home/arachidi/zephyrproject/zephyr/tests/kernel/fifo/fifo_timeout
2022-02-11 06:19:34,664 - twister - DEBUG - Found possible test case in /home/arachidi/zephyrproject/zephyr/tests/kernel/fifo/fifo_api
2022-02-11 06:19:34,670 - twister - DEBUG - Found possible test case in /home/arachidi/zephyrproject/zephyr/tests/kernel/fifo/fifo_usage
2022-02-11 06:19:34,675 - twister - DEBUG - Found possible test case in /home/arachidi/zephyrproject/zephyr/tests/kernel/xip
2022-02-11 06:19:34,680 - twister - DEBUG - Found possible test case in /home/arachidi/zephyrproject/zephyr/tests/drivers/entropy/api
2022-02-11 06:19:34,683 - twister - DEBUG - Found possible test case in /home/arachidi/zephyrproject/zephyr/tests/drivers/flash_simulator
2022-02-11 06:19:34,691 - twister - DEBUG - Found possible test case in /home/arachidi/zephyrproject/zephyr/tests/drivers/hwinfo/api
2022-02-11 06:19:34,694 - twister - DEBUG - Found possible test case in /home/arachidi/zephyrproject/zephyr/tests/drivers/espi
2022-02-11 06:19:34,698 - twister - DEBUG - Found possible test case in /home/arachidi/zephyrproject/zephyr/tests/drivers/gpio/gpio_basic_api
2022-02-11 06:19:34,708 - twister - DEBUG - Found possible test case in /home/arachidi/zephyrproject/zephyr/tests/drivers/gpio/gpio_api_1pin
2022-02-11 06:19:34,716 - twister - DEBUG - Found possible test case in /home/arachidi/zephyrproject/zephyr/tests/drivers/can/stm32
2022-02-11 06:19:34,719 - twister - DEBUG - Found possible test case in /home/arachidi/zephyrproject/zephyr/tests/drivers/can/api
2022-02-11 06:19:34,725 - twister - DEBUG - Found possible test case in /home/arachidi/zephyrproject/zephyr/tests/drivers/can/canfd
2022-02-11 06:19:34,729 - twister - DEBUG - Found possible test case in /home/arachidi/zephyrproject/zephyr/tests/drivers/can/timing
2022-02-11 06:19:34,734 - twister - DEBUG - Found possible test case in /home/arachidi/zephyrproject/zephyr/tests/drivers/eeprom
2022-02-11 06:19:34,738 - twister - DEBUG - Found possible test case in /home/arachidi/zephyrproject/zephyr/tests/drivers/flash
2022-02-11 06:19:34,744 - twister - DEBUG - Found possible test case in /home/arachidi/zephyrproject/zephyr/tests/drivers/led/led_api
2022-02-11 06:19:34,749 - twister - DEBUG - Found possible test case in /home/arachidi/zephyrproject/zephyr/tests/drivers/counter/counter_basic_api
2022-02-11 06:19:34,756 - twister - DEBUG - Found possible test case in /home/arachidi/zephyrproject/zephyr/tests/drivers/counter/counter_nrf_rtc/fixed_top
2022-02-11 06:19:34,760 - twister - DEBUG - Found possible test case in /home/arachidi/zephyrproject/zephyr/tests/drivers/counter/maxim_ds3231_api
2022-02-11 06:19:34,766 - twister - DEBUG - Found possible test case in /home/arachidi/zephyrproject/zephyr/tests/drivers/counter/counter_seconds
2022-02-11 06:19:34,771 - twister - DEBUG - Found possible test case in /home/arachidi/zephyrproject/zephyr/tests/drivers/adc/adc_dma
2022-02-11 06:19:34,776 - twister - DEBUG - Found possible test case in /home/arachidi/zephyrproject/zephyr/tests/drivers/adc/adc_api
2022-02-11 06:19:34,781 - twister - DEBUG - Found possible test case in /home/arachidi/zephyrproject/zephyr/tests/drivers/adc/adc_emul
2022-02-11 06:19:34,787 - twister - DEBUG - Found possible test case in /home/arachidi/zephyrproject/zephyr/tests/drivers/console
2022-02-11 06:19:34,791 - twister - DEBUG - Found possible test case in /home/arachidi/zephyrproject/zephyr/tests/drivers/dma/loop_transfer
2022-02-11 06:19:34,797 - twister - DEBUG - Found possible test case in /home/arachidi/zephyrproject/zephyr/tests/drivers/dma/chan_link_transfer
2022-02-11 06:19:34,802 - twister - DEBUG - Found possible test case in /home/arachidi/zephyrproject/zephyr/tests/drivers/dma/chan_blen_transfer
2022-02-11 06:19:34,808 - twister - DEBUG - Found possible test case in /home/arachidi/zephyrproject/zephyr/tests/drivers/i2s/i2s_api
2022-02-11 06:19:34,819 - twister - DEBUG - Found possible test case in /home/arachidi/zephyrproject/zephyr/tests/drivers/i2s/i2s_speed
2022-02-11 06:19:34,825 - twister - DEBUG - Found possible test case in /home/arachidi/zephyrproject/zephyr/tests/drivers/virtualization/ivshmem
2022-02-11 06:19:34,829 - twister - DEBUG - Found possible test case in /home/arachidi/zephyrproject/zephyr/tests/drivers/kscan/kscan_api
2022-02-11 06:19:34,834 - twister - DEBUG - Found possible test case in /home/arachidi/zephyrproject/zephyr/tests/drivers/disk
2022-02-11 06:19:34,839 - twister - DEBUG - Found possible test case in /home/arachidi/zephyrproject/zephyr/tests/drivers/clock_control/nrf_lf_clock_start
2022-02-11 06:19:34,847 - twister - DEBUG - Found possible test case in /home/arachidi/zephyrproject/zephyr/tests/drivers/clock_control/clock_control_api
2022-02-11 06:19:34,852 - twister - DEBUG - Found possible test case in /home/arachidi/zephyrproject/zephyr/tests/drivers/clock_control/nrf_clock_calibration
2022-02-11 06:19:34,856 - twister - DEBUG - Found possible test case in /home/arachidi/zephyrproject/zephyr/tests/drivers/clock_control/stm32_clock_configuration
2022-02-11 06:19:34,863 - twister - DEBUG - Found possible test case in /home/arachidi/zephyrproject/zephyr/tests/drivers/clock_control/nrf_onoff_and_bt
2022-02-11 06:19:34,866 - twister - DEBUG - Found possible test case in /home/arachidi/zephyrproject/zephyr/tests/drivers/clock_control/onoff
2022-02-11 06:19:34,870 - twister - DEBUG - Found possible test case in /home/arachidi/zephyrproject/zephyr/tests/drivers/sensor/accel
2022-02-11 06:19:34,874 - twister - DEBUG - Found possible test case in /home/arachidi/zephyrproject/zephyr/tests/drivers/sensor/generic
2022-02-11 06:19:34,880 - twister - DEBUG - Found possible test case in /home/arachidi/zephyrproject/zephyr/tests/drivers/sensor/sbs_gauge
2022-02-11 06:19:34,884 - twister - DEBUG - Found possible test case in /home/arachidi/zephyrproject/zephyr/tests/drivers/ipm
2022-02-11 06:19:34,889 - twister - DEBUG - Found possible test case in /home/arachidi/zephyrproject/zephyr/tests/drivers/pwm/pwm_loopback
2022-02-11 06:19:34,895 - twister - DEBUG - Found possible test case in /home/arachidi/zephyrproject/zephyr/tests/drivers/pwm/pwm_api
2022-02-11 06:19:34,899 - twister - DEBUG - Found possible test case in /home/arachidi/zephyrproject/zephyr/tests/drivers/build_all/gpio
2022-02-11 06:19:34,902 - twister - DEBUG - Found possible test case in /home/arachidi/zephyrproject/zephyr/tests/drivers/build_all/eeprom
2022-02-11 06:19:34,906 - twister - DEBUG - Found possible test case in /home/arachidi/zephyrproject/zephyr/tests/drivers/build_all/led
2022-02-11 06:19:34,909 - twister - DEBUG - Found possible test case in /home/arachidi/zephyrproject/zephyr/tests/drivers/build_all/counter
2022-02-11 06:19:34,912 - twister - DEBUG - Found possible test case in /home/arachidi/zephyrproject/zephyr/tests/drivers/build_all/adc
2022-02-11 06:19:34,920 - twister - DEBUG - Found possible test case in /home/arachidi/zephyrproject/zephyr/tests/drivers/build_all/ieee802154
2022-02-11 06:19:34,926 - twister - DEBUG - Found possible test case in /home/arachidi/zephyrproject/zephyr/tests/drivers/build_all/sensor
2022-02-11 06:19:34,930 - twister - DEBUG - Found possible test case in /home/arachidi/zephyrproject/zephyr/tests/drivers/build_all/pwm
2022-02-11 06:19:34,940 - twister - DEBUG - Found possible test case in /home/arachidi/zephyrproject/zephyr/tests/drivers/build_all/ethernet
2022-02-11 06:19:34,944 - twister - DEBUG - Found possible test case in /home/arachidi/zephyrproject/zephyr/tests/drivers/build_all/modem
2022-02-11 06:19:34,949 - twister - DEBUG - Found possible test case in /home/arachidi/zephyrproject/zephyr/tests/drivers/build_all/dac
2022-02-11 06:19:34,954 - twister - DEBUG - Found possible test case in /home/arachidi/zephyrproject/zephyr/tests/drivers/timer/nrf_rtc_timer
2022-02-11 06:19:34,960 - twister - DEBUG - Found possible test case in /home/arachidi/zephyrproject/zephyr/tests/drivers/bbram
2022-02-11 06:19:34,964 - twister - DEBUG - Found possible test case in /home/arachidi/zephyrproject/zephyr/tests/drivers/bbram/emul
2022-02-11 06:19:34,968 - twister - DEBUG - Found possible test case in /home/arachidi/zephyrproject/zephyr/tests/drivers/regulator/fixed
2022-02-11 06:19:34,978 - twister - DEBUG - Found possible test case in /home/arachidi/zephyrproject/zephyr/tests/drivers/regulator/pmic
2022-02-11 06:19:34,982 - twister - DEBUG - Found possible test case in /home/arachidi/zephyrproject/zephyr/tests/drivers/syscon
2022-02-11 06:19:34,987 - twister - DEBUG - Found possible test case in /home/arachidi/zephyrproject/zephyr/tests/drivers/pinctrl/api
2022-02-11 06:19:34,992 - twister - DEBUG - Found possible test case in /home/arachidi/zephyrproject/zephyr/tests/drivers/pinctrl/gd32
2022-02-11 06:19:34,998 - twister - DEBUG - Found possible test case in /home/arachidi/zephyrproject/zephyr/tests/drivers/pinctrl/nrf
2022-02-11 06:19:35,001 - twister - DEBUG - Found possible test case in /home/arachidi/zephyrproject/zephyr/tests/drivers/spi/spi_loopback
2022-02-11 06:19:35,009 - twister - DEBUG - Found possible test case in /home/arachidi/zephyrproject/zephyr/tests/drivers/memc/stm32_sdram
2022-02-11 06:19:35,013 - twister - DEBUG - Found possible test case in /home/arachidi/zephyrproject/zephyr/tests/drivers/watchdog/wdt_basic_api
2022-02-11 06:19:35,020 - twister - DEBUG - Found possible test case in /home/arachidi/zephyrproject/zephyr/tests/drivers/uart/uart_mix_fifo_poll
2022-02-11 06:19:35,031 - twister - DEBUG - Found possible test case in /home/arachidi/zephyrproject/zephyr/tests/drivers/uart/uart_async_api
2022-02-11 06:19:35,038 - twister - DEBUG - Found possible test case in /home/arachidi/zephyrproject/zephyr/tests/drivers/uart/uart_basic_api
2022-02-11 06:19:35,047 - twister - DEBUG - Found possible test case in /home/arachidi/zephyrproject/zephyr/tests/drivers/uart/uart_pm
2022-02-11 06:19:35,056 - twister - DEBUG - Found possible test case in /home/arachidi/zephyrproject/zephyr/tests/drivers/dac/dac_loopback
2022-02-11 06:19:35,061 - twister - DEBUG - Found possible test case in /home/arachidi/zephyrproject/zephyr/tests/drivers/dac/dac_api
2022-02-11 06:19:35,066 - twister - DEBUG - Found possible test case in /home/arachidi/zephyrproject/zephyr/tests/drivers/i2c/i2c_tca954x
2022-02-11 06:19:35,069 - twister - DEBUG - Found possible test case in /home/arachidi/zephyrproject/zephyr/tests/drivers/i2c/i2c_slave_api
2022-02-11 06:19:35,074 - twister - DEBUG - Found possible test case in /home/arachidi/zephyrproject/zephyr/tests/drivers/i2c/i2c_api
2022-02-11 06:19:35,078 - twister - DEBUG - Found possible test case in /home/arachidi/zephyrproject/zephyr/tests/ztest/error_hook
2022-02-11 06:19:35,083 - twister - DEBUG - Found possible test case in /home/arachidi/zephyrproject/zephyr/tests/ztest/automain
2022-02-11 06:19:35,088 - twister - DEBUG - Found possible test case in /home/arachidi/zephyrproject/zephyr/tests/ztest/mock
2022-02-11 06:19:35,092 - twister - DEBUG - Found possible test case in /home/arachidi/zephyrproject/zephyr/tests/ztest/base
2022-02-11 06:19:35,096 - twister - DEBUG - Found possible test case in /home/arachidi/zephyrproject/zephyr/tests/ztest/busy_sim
2022-02-11 06:19:35,101 - twister - DEBUG - Found possible test case in /home/arachidi/zephyrproject/zephyr/tests/ztest/mock_fff
2022-02-11 06:19:35,105 - twister - DEBUG - Found possible test case in /home/arachidi/zephyrproject/zephyr/tests/ztest/ztress
2022-02-11 06:19:35,108 - twister - DEBUG - Found possible test case in /home/arachidi/zephyrproject/zephyr/tests/ztest/register
2022-02-11 06:19:35,114 - twister - DEBUG - Found possible test case in /home/arachidi/zephyrproject/zephyr/tests/ztest/custom_output
2022-02-11 06:19:35,119 - twister - DEBUG - Found possible test case in /home/arachidi/zephyrproject/zephyr/tests/application_development/gen_inc_file
2022-02-11 06:19:35,122 - twister - DEBUG - Reading platform configuration files under /home/arachidi/zephyrproject/zephyr/boards...
2022-02-11 06:19:35,739 - twister - DEBUG - Reading platform configuration files under /home/arachidi/zephyrproject/zephyr/scripts/pylib/twister/boards...
2022-02-11 06:19:35,745 - twister - DEBUG - Running cmake script /home/arachidi/zephyrproject/zephyr/cmake/verify-toolchain.cmake
2022-02-11 06:19:35,746 - twister - DEBUG - Calling cmake with arguments: ['-DFORMAT=json', '-P', PosixPath('/home/arachidi/zephyrproject/zephyr/cmake/verify-toolchain.cmake')]
2022-02-11 06:19:35,755 - twister - DEBUG - Finished running  /home/arachidi/zephyrproject/zephyr/cmake/verify-toolchain.cmake
2022-02-11 06:19:35,756 - twister - INFO - Using 'zephyr' toolchain.
2022-02-11 06:19:35,756 - twister - DEBUG - platform filter: ['hifive1']
2022-02-11 06:19:35,756 - twister - DEBUG -     arch_filter: None
2022-02-11 06:19:35,756 - twister - DEBUG -      tag_filter: None
2022-02-11 06:19:35,756 - twister - DEBUG -     exclude_tag: None
2022-02-11 06:19:35,756 - twister - INFO - Building initial testcase list...
2022-02-11 06:19:35,875 - twister - INFO - 1052 test scenarios (969 configurations) selected, 969 configurations discarded due to filters.
2022-02-11 06:19:35,899 - twister - INFO - Adding tasks to the queue...
2022-02-11 06:19:35,899 - twister - INFO - Added initial list of jobs to queue
2022-02-11 06:19:35,900 - twister - DEBUG - Launch process 0
2022-02-11 06:19:35,910 - twister - DEBUG - Launch process 1
2022-02-11 06:19:35,933 - twister - DEBUG - running footprint_reports
2022-02-11 06:19:36,428 - twister - INFO - [32m0 of 0[39m test configurations passed (0.00%), [39m0[39m failed, 969 skipped with [39m0[39m warnings in 4.38 seconds
2022-02-11 06:19:36,428 - twister - INFO - In total 0 test cases were executed, 19254 skipped on 0 out of total 418 platforms (0.00%)
2022-02-11 06:19:36,428 - twister - INFO - [32m0[39m test configurations executed on platforms, [31m0[39m test configurations were only built.
2022-02-11 06:19:36,428 - twister - INFO - Saving reports...
2022-02-11 06:19:36,429 - twister - INFO - Writing xunit report /home/arachidi/zephyrproject/zephyr/twister-out/twister.xml...
2022-02-11 06:19:36,548 - twister - INFO - Writing xunit report /home/arachidi/zephyrproject/zephyr/twister-out/twister_report.xml...
2022-02-11 06:20:22,606 - twister - INFO - Run completed
